# JRE version: OpenJDK Runtime Environment (26.0+35) (build 26+35-2893)
# Java VM: OpenJDK 64-Bit Server VM (26+35-2893, mixed mode, emulated-client, sharing, tiered, compressed oops, compressed class ptrs, g1 gc, windows-amd64)
GC Precious Log:
 CardTable entry size: 512
 Card Set container configuration: InlinePtr #cards 5 size 8 Array Of Cards #cards 10 size 36 Howl #buckets 4 coarsen threshold 1843 Howl Bitmap #cards 512 size 80 coarsen threshold 460 Card regions per heap region 1 cards per card region 2048
 CPUs: 12 total, 12 available
 Memory: 7863M
 Large Page Support: Disabled
 NUMA Support: Disabled
 Compressed Oops: Enabled (32-bit)
 Heap Region Size: 1M
 Heap Min Capacity: 8M
 Heap Initial Capacity: 8M
 Heap Max Capacity: 1966M
 Pre-touch: Disabled
 Parallel Workers: 10
 Concurrent Workers: 3
 Concurrent Refinement Workers: 10
 Periodic GC: Disabled
Heap:
 garbage-first heap   total reserved 2013184K, committed 208896K, used 44119K [0x0000000085200000, 0x0000000100000000)
  region size 1M, 0 eden (0M), 2 survivor (2M), 41 old (41M), 1 humongous (1M), 160 free (160M)
GC Heap Usage History (20 events):
Event: 43.761 {heap After GC invocations=51 (full 0):
 garbage-first heap   total reserved 2013184K, committed 65536K, used 40962K [0x0000000085200000, 0x0000000100000000)
  region size 1M, 0 eden (0M), 3 survivor (3M), 37 old (37M), 1 humongous (1M), 23 free (23M)
}
Event: 43.853 {heap Before GC invocations=51 (full 0):
 garbage-first heap   total reserved 2013184K, committed 65536K, used 59394K [0x0000000085200000, 0x0000000100000000)
  region size 1M, 18 eden (18M), 3 survivor (3M), 37 old (37M), 1 humongous (1M), 5 free (5M)
}
Event: 43.861 {heap After GC invocations=52 (full 0):
 garbage-first heap   total reserved 2013184K, committed 66560K, used 43431K [0x0000000085200000, 0x0000000100000000)
  region size 1M, 0 eden (0M), 3 survivor (3M), 39 old (39M), 1 humongous (1M), 22 free (22M)
}
Event: 44.675 {heap Before GC invocations=52 (full 0):
 garbage-first heap   total reserved 2013184K, committed 66560K, used 59815K [0x0000000085200000, 0x0000000100000000)
  region size 1M, 16 eden (16M), 3 survivor (3M), 39 old (39M), 1 humongous (1M), 6 free (6M)
}
Event: 44.682 {heap After GC invocations=53 (full 0):
 garbage-first heap   total reserved 2013184K, committed 66560K, used 45064K [0x0000000085200000, 0x0000000100000000)
  region size 1M, 0 eden (0M), 2 survivor (2M), 42 old (42M), 1 humongous (1M), 20 free (20M)
}
Event: 45.228 {heap Before GC invocations=54 (full 0):
 garbage-first heap   total reserved 2013184K, committed 66560K, used 60424K [0x0000000085200000, 0x0000000100000000)
  region size 1M, 15 eden (15M), 2 survivor (2M), 42 old (42M), 1 humongous (1M), 5 free (5M)
}
Event: 45.232 {heap After GC invocations=55 (full 0):
 garbage-first heap   total reserved 2013184K, committed 66560K, used 46182K [0x0000000085200000, 0x0000000100000000)
  region size 1M, 0 eden (0M), 3 survivor (3M), 42 old (42M), 1 humongous (1M), 19 free (19M)
}
Event: 45.737 {heap Before GC invocations=55 (full 0):
 garbage-first heap   total reserved 2013184K, committed 66560K, used 61542K [0x0000000085200000, 0x0000000100000000)
  region size 1M, 15 eden (15M), 3 survivor (3M), 42 old (42M), 1 humongous (1M), 4 free (4M)
}
Event: 45.747 {heap After GC invocations=56 (full 0):
 garbage-first heap   total reserved 2013184K, committed 68608K, used 47454K [0x0000000085200000, 0x0000000100000000)
  region size 1M, 0 eden (0M), 3 survivor (3M), 43 old (43M), 1 humongous (1M), 20 free (20M)
}
Event: 437.360 {heap Before GC invocations=56 (full 0):
 garbage-first heap   total reserved 2013184K, committed 68608K, used 62814K [0x0000000085200000, 0x0000000100000000)
  region size 1M, 15 eden (15M), 3 survivor (3M), 43 old (43M), 1 humongous (1M), 5 free (5M)
}
Event: 437.427 {heap After GC invocations=57 (full 0):
 garbage-first heap   total reserved 2013184K, committed 68608K, used 48777K [0x0000000085200000, 0x0000000100000000)
  region size 1M, 0 eden (0M), 3 survivor (3M), 44 old (44M), 1 humongous (1M), 19 free (19M)
}
Event: 473.252 {heap Before GC invocations=58 (full 0):
 garbage-first heap   total reserved 2013184K, committed 68608K, used 63113K [0x0000000085200000, 0x0000000100000000)
  region size 1M, 15 eden (15M), 3 survivor (3M), 44 old (44M), 1 humongous (1M), 4 free (4M)
}
Event: 474.301 {heap After GC invocations=59 (full 0):
 garbage-first heap   total reserved 2013184K, committed 208896K, used 49793K [0x0000000085200000, 0x0000000100000000)
  region size 1M, 0 eden (0M), 3 survivor (3M), 46 old (46M), 1 humongous (1M), 154 free (154M)
}
Event: 475.702 {heap Before GC invocations=59 (full 0):
 garbage-first heap   total reserved 2013184K, committed 208896K, used 56961K [0x0000000085200000, 0x0000000100000000)
  region size 1M, 7 eden (7M), 3 survivor (3M), 46 old (46M), 1 humongous (1M), 147 free (147M)
}
Event: 477.719 {heap After GC invocations=60 (full 0):
 garbage-first heap   total reserved 2013184K, committed 208896K, used 48535K [0x0000000085200000, 0x0000000100000000)
  region size 1M, 0 eden (0M), 1 survivor (1M), 46 old (46M), 1 humongous (1M), 156 free (156M)
}
Event: 477.768 {heap Before GC invocations=60 (full 0):
 garbage-first heap   total reserved 2013184K, committed 208896K, used 57751K [0x0000000085200000, 0x0000000100000000)
  region size 1M, 9 eden (9M), 1 survivor (1M), 46 old (46M), 1 humongous (1M), 147 free (147M)
}
Event: 477.788 {heap After GC invocations=61 (full 0):
 garbage-first heap   total reserved 2013184K, committed 208896K, used 45685K [0x0000000085200000, 0x0000000100000000)
  region size 1M, 0 eden (0M), 1 survivor (1M), 43 old (43M), 1 humongous (1M), 159 free (159M)
}
Event: 477.837 {heap Before GC invocations=61 (full 0):
 garbage-first heap   total reserved 2013184K, committed 208896K, used 54901K [0x0000000085200000, 0x0000000100000000)
  region size 1M, 9 eden (9M), 1 survivor (1M), 43 old (43M), 1 humongous (1M), 150 free (150M)
}
Event: 477.859 {heap After GC invocations=62 (full 0):
 garbage-first heap   total reserved 2013184K, committed 208896K, used 44283K [0x0000000085200000, 0x0000000100000000)
  region size 1M, 0 eden (0M), 2 survivor (2M), 41 old (41M), 1 humongous (1M), 160 free (160M)
}
Event: 477.889 {heap Before GC invocations=62 (full 0):
 garbage-first heap   total reserved 2013184K, committed 208896K, used 52475K [0x0000000085200000, 0x0000000100000000)
  region size 1M, 8 eden (8M), 2 survivor (2M), 41 old (41M), 1 humongous (1M), 152 free (152M)
}

